{"C:\\Users\\GRT\\Sources\\src\\components\\common\\Avatar.jsx": {"path":"C:\\Users\\GRT\\Sources\\src\\components\\common\\Avatar.jsx","statementMap":{"0":{"start":{"line":3,"column":15},"end":{"line":83,"column":null}},"1":{"start":{"line":14,"column":22},"end":{"line":21,"column":null}},"2":{"start":{"line":23,"column":28},"end":{"line":30,"column":null}},"3":{"start":{"line":32,"column":22},"end":{"line":36,"column":null}},"4":{"start":{"line":38,"column":24},"end":{"line":38,"column":null}},"5":{"start":{"line":40,"column":27},"end":{"line":42,"column":null}},"6":{"start":{"line":41,"column":4},"end":{"line":41,"column":null}},"7":{"start":{"line":44,"column":20},"end":{"line":44,"column":null}},"8":{"start":{"line":45,"column":25},"end":{"line":52,"column":null}},"9":{"start":{"line":54,"column":2},"end":{"line":81,"column":null}}},"fnMap":{"0":{"name":"(anonymous_0)","decl":{"start":{"line":3,"column":15},"end":{"line":3,"column":16}},"loc":{"start":{"line":13,"column":6},"end":{"line":83,"column":null}},"line":13},"1":{"name":"(anonymous_1)","decl":{"start":{"line":40,"column":27},"end":{"line":40,"column":28}},"loc":{"start":{"line":40,"column":34},"end":{"line":42,"column":null}},"line":40}},"branchMap":{"0":{"loc":{"start":{"line":6,"column":2},"end":{"line":6,"column":null}},"type":"default-arg","locations":[{"start":{"line":6,"column":9},"end":{"line":6,"column":null}}],"line":6},"1":{"loc":{"start":{"line":8,"column":2},"end":{"line":8,"column":null}},"type":"default-arg","locations":[{"start":{"line":8,"column":15},"end":{"line":8,"column":null}}],"line":8},"2":{"loc":{"start":{"line":9,"column":2},"end":{"line":9,"column":null}},"type":"default-arg","locations":[{"start":{"line":9,"column":14},"end":{"line":9,"column":null}}],"line":9},"3":{"loc":{"start":{"line":11,"column":2},"end":{"line":11,"column":null}},"type":"default-arg","locations":[{"start":{"line":11,"column":9},"end":{"line":11,"column":null}}],"line":11},"4":{"loc":{"start":{"line":12,"column":2},"end":{"line":12,"column":null}},"type":"default-arg","locations":[{"start":{"line":12,"column":14},"end":{"line":12,"column":null}}],"line":12},"5":{"loc":{"start":{"line":44,"column":20},"end":{"line":44,"column":null}},"type":"cond-expr","locations":[{"start":{"line":44,"column":30},"end":{"line":44,"column":43}},{"start":{"line":44,"column":43},"end":{"line":44,"column":null}}],"line":44},"6":{"loc":{"start":{"line":45,"column":25},"end":{"line":52,"column":null}},"type":"cond-expr","locations":[{"start":{"line":46,"column":6},"end":{"line":51,"column":null}},{"start":{"line":52,"column":6},"end":{"line":52,"column":null}}],"line":45},"7":{"loc":{"start":{"line":55,"column":67},"end":{"line":55,"column":98}},"type":"cond-expr","locations":[{"start":{"line":55,"column":77},"end":{"line":55,"column":96}},{"start":{"line":55,"column":96},"end":{"line":55,"column":98}}],"line":55},"8":{"loc":{"start":{"line":57,"column":13},"end":{"line":57,"column":null}},"type":"binary-expr","locations":[{"start":{"line":57,"column":13},"end":{"line":57,"column":20}},{"start":{"line":57,"column":20},"end":{"line":57,"column":null}}],"line":57},"9":{"loc":{"start":{"line":58,"column":13},"end":{"line":58,"column":null}},"type":"binary-expr","locations":[{"start":{"line":58,"column":13},"end":{"line":58,"column":20}},{"start":{"line":58,"column":20},"end":{"line":58,"column":null}}],"line":58},"10":{"loc":{"start":{"line":63,"column":12},"end":{"line":63,"column":68}},"type":"cond-expr","locations":[{"start":{"line":63,"column":19},"end":{"line":63,"column":66}},{"start":{"line":63,"column":66},"end":{"line":63,"column":68}}],"line":63},"11":{"loc":{"start":{"line":68,"column":7},"end":{"line":79,"column":null}},"type":"binary-expr","locations":[{"start":{"line":68,"column":7},"end":{"line":68,"column":21}},{"start":{"line":68,"column":21},"end":{"line":68,"column":null}},{"start":{"line":69,"column":8},"end":{"line":79,"column":null}}],"line":68}},"s":{"0":1,"1":34,"2":34,"3":34,"4":34,"5":34,"6":1,"7":34,"8":34,"9":34},"f":{"0":34,"1":1},"b":{"0":[34],"1":[34],"2":[34],"3":[34],"4":[34],"5":[3,31],"6":[3,31],"7":[3,31],"8":[34,2],"9":[34,2],"10":[5,29],"11":[34,6,5]},"meta":{"lastBranch":12,"lastFunction":2,"lastStatement":10,"seen":{"s:3:15:83:Infinity":0,"f:3:15:3:16":0,"b:6:9:6:Infinity":0,"b:8:15:8:Infinity":1,"b:9:14:9:Infinity":2,"b:11:9:11:Infinity":3,"b:12:14:12:Infinity":4,"s:14:22:21:Infinity":1,"s:23:28:30:Infinity":2,"s:32:22:36:Infinity":3,"s:38:24:38:Infinity":4,"s:40:27:42:Infinity":5,"f:40:27:40:28":1,"s:41:4:41:Infinity":6,"s:44:20:44:Infinity":7,"b:44:30:44:43:44:43:44:Infinity":5,"s:45:25:52:Infinity":8,"b:46:6:51:Infinity:52:6:52:Infinity":6,"s:54:2:81:Infinity":9,"b:55:77:55:96:55:96:55:98":7,"b:57:13:57:20:57:20:57:Infinity":8,"b:58:13:58:20:58:20:58:Infinity":9,"b:63:19:63:66:63:66:63:68":10,"b:68:7:68:21:68:21:68:Infinity:69:8:79:Infinity":11}}}
,"C:\\Users\\GRT\\Sources\\src\\components\\common\\Badge.jsx": {"path":"C:\\Users\\GRT\\Sources\\src\\components\\common\\Badge.jsx","statementMap":{"0":{"start":{"line":4,"column":14},"end":{"line":43,"column":null}},"1":{"start":{"line":11,"column":2},"end":{"line":11,"column":null}},"2":{"start":{"line":11,"column":28},"end":{"line":11,"column":null}},"3":{"start":{"line":13,"column":19},"end":{"line":19,"column":null}},"4":{"start":{"line":21,"column":16},"end":{"line":25,"column":null}},"5":{"start":{"line":27,"column":22},"end":{"line":27,"column":null}},"6":{"start":{"line":29,"column":2},"end":{"line":40,"column":null}},"7":{"start":{"line":30,"column":4},"end":{"line":38,"column":null}},"8":{"start":{"line":42,"column":2},"end":{"line":42,"column":null}}},"fnMap":{"0":{"name":"(anonymous_0)","decl":{"start":{"line":4,"column":14},"end":{"line":4,"column":15}},"loc":{"start":{"line":10,"column":6},"end":{"line":43,"column":null}},"line":10}},"branchMap":{"0":{"loc":{"start":{"line":6,"column":2},"end":{"line":6,"column":null}},"type":"default-arg","locations":[{"start":{"line":6,"column":12},"end":{"line":6,"column":null}}],"line":6},"1":{"loc":{"start":{"line":7,"column":2},"end":{"line":7,"column":null}},"type":"default-arg","locations":[{"start":{"line":7,"column":9},"end":{"line":7,"column":null}}],"line":7},"2":{"loc":{"start":{"line":8,"column":2},"end":{"line":8,"column":null}},"type":"default-arg","locations":[{"start":{"line":8,"column":12},"end":{"line":8,"column":null}}],"line":8},"3":{"loc":{"start":{"line":9,"column":2},"end":{"line":9,"column":null}},"type":"default-arg","locations":[{"start":{"line":9,"column":14},"end":{"line":9,"column":null}}],"line":9},"4":{"loc":{"start":{"line":11,"column":2},"end":{"line":11,"column":null}},"type":"if","locations":[{"start":{"line":11,"column":2},"end":{"line":11,"column":null}},{"start":{},"end":{}}],"line":11},"5":{"loc":{"start":{"line":11,"column":6},"end":{"line":11,"column":28}},"type":"binary-expr","locations":[{"start":{"line":11,"column":6},"end":{"line":11,"column":16}},{"start":{"line":11,"column":16},"end":{"line":11,"column":28}}],"line":11},"6":{"loc":{"start":{"line":29,"column":2},"end":{"line":40,"column":null}},"type":"if","locations":[{"start":{"line":29,"column":2},"end":{"line":40,"column":null}},{"start":{},"end":{}}],"line":29},"7":{"loc":{"start":{"line":37,"column":9},"end":{"line":37,"column":null}},"type":"cond-expr","locations":[{"start":{"line":37,"column":22},"end":{"line":37,"column":30}},{"start":{"line":37,"column":30},"end":{"line":37,"column":null}}],"line":37},"8":{"loc":{"start":{"line":42,"column":40},"end":{"line":42,"column":67}},"type":"cond-expr","locations":[{"start":{"line":42,"column":53},"end":{"line":42,"column":61}},{"start":{"line":42,"column":61},"end":{"line":42,"column":67}}],"line":42}},"s":{"0":1,"1":28,"2":4,"3":24,"4":24,"5":24,"6":24,"7":19,"8":5},"f":{"0":28},"b":{"0":[28],"1":[28],"2":[28],"3":[28],"4":[4,24],"5":[28,25],"6":[19,5],"7":[2,17],"8":[1,4]},"meta":{"lastBranch":9,"lastFunction":1,"lastStatement":9,"seen":{"s:4:14:43:Infinity":0,"f:4:14:4:15":0,"b:6:12:6:Infinity":0,"b:7:9:7:Infinity":1,"b:8:12:8:Infinity":2,"b:9:14:9:Infinity":3,"b:11:2:11:Infinity:undefined:undefined:undefined:undefined":4,"s:11:2:11:Infinity":1,"b:11:6:11:16:11:16:11:28":5,"s:11:28:11:Infinity":2,"s:13:19:19:Infinity":3,"s:21:16:25:Infinity":4,"s:27:22:27:Infinity":5,"b:29:2:40:Infinity:undefined:undefined:undefined:undefined":6,"s:29:2:40:Infinity":6,"s:30:4:38:Infinity":7,"b:37:22:37:30:37:30:37:Infinity":7,"s:42:2:42:Infinity":8,"b:42:53:42:61:42:61:42:67":8}}}
,"C:\\Users\\GRT\\Sources\\src\\hooks\\useDebounce.js": {"path":"C:\\Users\\GRT\\Sources\\src\\hooks\\useDebounce.js","statementMap":{"0":{"start":{"line":23,"column":45},"end":{"line":23,"column":61}},"1":{"start":{"line":25,"column":1},"end":{"line":36,"column":21}},"2":{"start":{"line":27,"column":18},"end":{"line":29,"column":13}},"3":{"start":{"line":28,"column":6},"end":{"line":28,"column":31}},"4":{"start":{"line":33,"column":4},"end":{"line":35,"column":6}},"5":{"start":{"line":34,"column":6},"end":{"line":34,"column":26}},"6":{"start":{"line":38,"column":2},"end":{"line":38,"column":24}}},"fnMap":{"0":{"name":"useDebounce","decl":{"start":{"line":22,"column":9},"end":{"line":22,"column":20}},"loc":{"start":{"line":22,"column":41},"end":{"line":39,"column":1}},"line":22},"1":{"name":"(anonymous_1)","decl":{"start":{"line":25,"column":12},"end":{"line":25,"column":13}},"loc":{"start":{"line":25,"column":18},"end":{"line":36,"column":3}},"line":25},"2":{"name":"(anonymous_2)","decl":{"start":{"line":27,"column":29},"end":{"line":27,"column":30}},"loc":{"start":{"line":27,"column":35},"end":{"line":29,"column":5}},"line":27},"3":{"name":"(anonymous_3)","decl":{"start":{"line":33,"column":11},"end":{"line":33,"column":12}},"loc":{"start":{"line":33,"column":17},"end":{"line":35,"column":5}},"line":33}},"branchMap":{"0":{"loc":{"start":{"line":22,"column":28},"end":{"line":22,"column":39}},"type":"default-arg","locations":[{"start":{"line":22,"column":36},"end":{"line":22,"column":39}}],"line":22}},"s":{"0":52,"1":52,"2":39,"3":13,"4":39,"5":39,"6":52},"f":{"0":52,"1":39,"2":13,"3":39},"b":{"0":[52]},"meta":{"lastBranch":1,"lastFunction":4,"lastStatement":7,"seen":{"f:22:9:22:20":0,"b:22:36:22:39":0,"s:23:45:23:61":0,"s:25:1:36:21":1,"f:25:12:25:13":1,"s:27:18:29:13":2,"f:27:29:27:30":2,"s:28:6:28:31":3,"s:33:4:35:6":4,"f:33:11:33:12":3,"s:34:6:34:26":5,"s:38:2:38:24":6}}}
,"C:\\Users\\GRT\\Sources\\src\\utils\\helpers.js": {"path":"C:\\Users\\GRT\\Sources\\src\\utils\\helpers.js","statementMap":{"0":{"start":{"line":11,"column":26},"end":{"line":14,"column":1}},"1":{"start":{"line":12,"column":2},"end":{"line":12,"column":44}},"2":{"start":{"line":12,"column":32},"end":{"line":12,"column":44}},"3":{"start":{"line":13,"column":2},"end":{"line":13,"column":53}},"4":{"start":{"line":21,"column":28},"end":{"line":28,"column":1}},"5":{"start":{"line":22,"column":19},"end":{"line":22,"column":29}},"6":{"start":{"line":23,"column":2},"end":{"line":26,"column":3}},"7":{"start":{"line":23,"column":15},"end":{"line":23,"column":34}},"8":{"start":{"line":24,"column":14},"end":{"line":24,"column":49}},"9":{"start":{"line":25,"column":4},"end":{"line":25,"column":60}},"10":{"start":{"line":27,"column":2},"end":{"line":27,"column":18}},"11":{"start":{"line":36,"column":30},"end":{"line":39,"column":1}},"12":{"start":{"line":37,"column":19},"end":{"line":37,"column":38}},"13":{"start":{"line":38,"column":2},"end":{"line":38,"column":61}},"14":{"start":{"line":46,"column":34},"end":{"line":70,"column":1}},"15":{"start":{"line":47,"column":14},"end":{"line":47,"column":24}},"16":{"start":{"line":48,"column":15},"end":{"line":48,"column":34}},"17":{"start":{"line":49,"column":24},"end":{"line":49,"column":55}},"18":{"start":{"line":51,"column":2},"end":{"line":51,"column":44}},"19":{"start":{"line":51,"column":26},"end":{"line":51,"column":44}},"20":{"start":{"line":52,"column":2},"end":{"line":55,"column":3}},"21":{"start":{"line":53,"column":20},"end":{"line":53,"column":50}},"22":{"start":{"line":54,"column":4},"end":{"line":54,"column":60}},"23":{"start":{"line":56,"column":2},"end":{"line":59,"column":3}},"24":{"start":{"line":57,"column":18},"end":{"line":57,"column":50}},"25":{"start":{"line":58,"column":4},"end":{"line":58,"column":54}},"26":{"start":{"line":60,"column":2},"end":{"line":63,"column":3}},"27":{"start":{"line":61,"column":17},"end":{"line":61,"column":50}},"28":{"start":{"line":62,"column":4},"end":{"line":62,"column":51}},"29":{"start":{"line":64,"column":2},"end":{"line":67,"column":3}},"30":{"start":{"line":65,"column":18},"end":{"line":65,"column":52}},"31":{"start":{"line":66,"column":4},"end":{"line":66,"column":54}},"32":{"start":{"line":69,"column":2},"end":{"line":69,"column":35}},"33":{"start":{"line":77,"column":26},"end":{"line":82,"column":1}},"34":{"start":{"line":78,"column":2},"end":{"line":81,"column":5}},"35":{"start":{"line":89,"column":31},"end":{"line":97,"column":1}},"36":{"start":{"line":90,"column":2},"end":{"line":96,"column":3}},"37":{"start":{"line":91,"column":4},"end":{"line":91,"column":46}},"38":{"start":{"line":92,"column":4},"end":{"line":92,"column":16}},"39":{"start":{"line":94,"column":4},"end":{"line":94,"column":55}},"40":{"start":{"line":95,"column":4},"end":{"line":95,"column":17}},"41":{"start":{"line":104,"column":33},"end":{"line":116,"column":1}},"42":{"start":{"line":105,"column":2},"end":{"line":115,"column":5}},"43":{"start":{"line":106,"column":4},"end":{"line":109,"column":5}},"44":{"start":{"line":107,"column":6},"end":{"line":107,"column":20}},"45":{"start":{"line":108,"column":6},"end":{"line":108,"column":13}},"46":{"start":{"line":111,"column":19},"end":{"line":111,"column":35}},"47":{"start":{"line":112,"column":4},"end":{"line":112,"column":53}},"48":{"start":{"line":112,"column":27},"end":{"line":112,"column":52}},"49":{"start":{"line":113,"column":4},"end":{"line":113,"column":41}},"50":{"start":{"line":113,"column":27},"end":{"line":113,"column":40}},"51":{"start":{"line":114,"column":4},"end":{"line":114,"column":31}},"52":{"start":{"line":123,"column":28},"end":{"line":125,"column":1}},"53":{"start":{"line":124,"column":2},"end":{"line":124,"column":48}},"54":{"start":{"line":132,"column":32},"end":{"line":135,"column":1}},"55":{"start":{"line":133,"column":2},"end":{"line":133,"column":39}},"56":{"start":{"line":133,"column":27},"end":{"line":133,"column":39}},"57":{"start":{"line":134,"column":2},"end":{"line":134,"column":33}},"58":{"start":{"line":141,"column":27},"end":{"line":143,"column":1}},"59":{"start":{"line":142,"column":2},"end":{"line":142,"column":40}},"60":{"start":{"line":150,"column":30},"end":{"line":152,"column":1}},"61":{"start":{"line":151,"column":2},"end":{"line":151,"column":40}},"62":{"start":{"line":161,"column":28},"end":{"line":164,"column":1}},"63":{"start":{"line":162,"column":2},"end":{"line":162,"column":53}},"64":{"start":{"line":162,"column":41},"end":{"line":162,"column":53}},"65":{"start":{"line":163,"column":2},"end":{"line":163,"column":59}},"66":{"start":{"line":171,"column":31},"end":{"line":174,"column":1}},"67":{"start":{"line":172,"column":2},"end":{"line":172,"column":22}},"68":{"start":{"line":172,"column":12},"end":{"line":172,"column":22}},"69":{"start":{"line":173,"column":2},"end":{"line":173,"column":52}},"70":{"start":{"line":181,"column":26},"end":{"line":187,"column":1}},"71":{"start":{"line":182,"column":20},"end":{"line":182,"column":43}},"72":{"start":{"line":183,"column":21},"end":{"line":183,"column":63}},"73":{"start":{"line":184,"column":2},"end":{"line":186,"column":35}},"74":{"start":{"line":195,"column":24},"end":{"line":201,"column":1}},"75":{"start":{"line":197,"column":2},"end":{"line":200,"column":4}},"76":{"start":{"line":198,"column":4},"end":{"line":198,"column":26}},"77":{"start":{"line":199,"column":4},"end":{"line":199,"column":52}},"78":{"start":{"line":199,"column":31},"end":{"line":199,"column":44}},"79":{"start":{"line":209,"column":24},"end":{"line":218,"column":1}},"80":{"start":{"line":211,"column":2},"end":{"line":217,"column":4}},"81":{"start":{"line":212,"column":4},"end":{"line":216,"column":5}},"82":{"start":{"line":213,"column":6},"end":{"line":213,"column":20}},"83":{"start":{"line":214,"column":6},"end":{"line":214,"column":24}},"84":{"start":{"line":215,"column":6},"end":{"line":215,"column":52}},"85":{"start":{"line":215,"column":24},"end":{"line":215,"column":42}},"86":{"start":{"line":225,"column":23},"end":{"line":231,"column":1}},"87":{"start":{"line":226,"column":2},"end":{"line":226,"column":57}},"88":{"start":{"line":226,"column":45},"end":{"line":226,"column":57}},"89":{"start":{"line":227,"column":2},"end":{"line":227,"column":60}},"90":{"start":{"line":227,"column":33},"end":{"line":227,"column":60}},"91":{"start":{"line":228,"column":2},"end":{"line":228,"column":54}},"92":{"start":{"line":228,"column":28},"end":{"line":228,"column":54}},"93":{"start":{"line":229,"column":2},"end":{"line":229,"column":72}},"94":{"start":{"line":229,"column":33},"end":{"line":229,"column":72}},"95":{"start":{"line":230,"column":2},"end":{"line":230,"column":15}},"96":{"start":{"line":238,"column":25},"end":{"line":241,"column":1}},"97":{"start":{"line":239,"column":2},"end":{"line":239,"column":58}},"98":{"start":{"line":239,"column":47},"end":{"line":239,"column":58}},"99":{"start":{"line":240,"column":2},"end":{"line":240,"column":41}},"100":{"start":{"line":249,"column":23},"end":{"line":255,"column":1}},"101":{"start":{"line":250,"column":2},"end":{"line":254,"column":9}},"102":{"start":{"line":251,"column":21},"end":{"line":251,"column":70}},"103":{"start":{"line":252,"column":4},"end":{"line":252,"column":59}},"104":{"start":{"line":253,"column":4},"end":{"line":253,"column":18}},"105":{"start":{"line":262,"column":28},"end":{"line":270,"column":1}},"106":{"start":{"line":263,"column":2},"end":{"line":265,"column":3}},"107":{"start":{"line":264,"column":4},"end":{"line":264,"column":64}},"108":{"start":{"line":266,"column":2},"end":{"line":268,"column":3}},"109":{"start":{"line":267,"column":4},"end":{"line":267,"column":61}},"110":{"start":{"line":269,"column":2},"end":{"line":269,"column":24}},"111":{"start":{"line":277,"column":39},"end":{"line":283,"column":1}},"112":{"start":{"line":280,"column":2},"end":{"line":282,"column":4}},"113":{"start":{"line":281,"column":4},"end":{"line":281,"column":31}},"114":{"start":{"line":289,"column":2},"end":{"line":289,"column":93}},"115":{"start":{"line":296,"column":18},"end":{"line":311,"column":1}},"116":{"start":{"line":297,"column":2},"end":{"line":310,"column":12}},"117":{"start":{"line":300,"column":6},"end":{"line":300,"column":42}},"118":{"start":{"line":300,"column":33},"end":{"line":300,"column":42}},"119":{"start":{"line":301,"column":6},"end":{"line":306,"column":7}},"120":{"start":{"line":302,"column":8},"end":{"line":305,"column":21}},"121":{"start":{"line":303,"column":33},"end":{"line":303,"column":38}},"122":{"start":{"line":304,"column":26},"end":{"line":304,"column":29}},"123":{"start":{"line":307,"column":6},"end":{"line":307,"column":16}}},"fnMap":{"0":{"name":"(anonymous_0)","decl":{"start":{"line":11,"column":26},"end":{"line":11,"column":27}},"loc":{"start":{"line":11,"column":35},"end":{"line":14,"column":1}},"line":11},"1":{"name":"(anonymous_1)","decl":{"start":{"line":21,"column":28},"end":{"line":21,"column":29}},"loc":{"start":{"line":21,"column":39},"end":{"line":28,"column":1}},"line":21},"2":{"name":"(anonymous_2)","decl":{"start":{"line":36,"column":30},"end":{"line":36,"column":31}},"loc":{"start":{"line":36,"column":48},"end":{"line":39,"column":1}},"line":36},"3":{"name":"(anonymous_3)","decl":{"start":{"line":46,"column":34},"end":{"line":46,"column":35}},"loc":{"start":{"line":46,"column":49},"end":{"line":70,"column":1}},"line":46},"4":{"name":"(anonymous_4)","decl":{"start":{"line":77,"column":26},"end":{"line":77,"column":27}},"loc":{"start":{"line":77,"column":49},"end":{"line":82,"column":1}},"line":77},"5":{"name":"(anonymous_5)","decl":{"start":{"line":89,"column":31},"end":{"line":89,"column":36}},"loc":{"start":{"line":89,"column":47},"end":{"line":97,"column":1}},"line":89},"6":{"name":"(anonymous_6)","decl":{"start":{"line":104,"column":33},"end":{"line":104,"column":34}},"loc":{"start":{"line":104,"column":43},"end":{"line":116,"column":1}},"line":104},"7":{"name":"(anonymous_7)","decl":{"start":{"line":105,"column":21},"end":{"line":105,"column":22}},"loc":{"start":{"line":105,"column":34},"end":{"line":115,"column":3}},"line":105},"8":{"name":"(anonymous_8)","decl":{"start":{"line":112,"column":20},"end":{"line":112,"column":21}},"loc":{"start":{"line":112,"column":27},"end":{"line":112,"column":52}},"line":112},"9":{"name":"(anonymous_9)","decl":{"start":{"line":113,"column":21},"end":{"line":113,"column":22}},"loc":{"start":{"line":113,"column":27},"end":{"line":113,"column":40}},"line":113},"10":{"name":"(anonymous_10)","decl":{"start":{"line":123,"column":28},"end":{"line":123,"column":29}},"loc":{"start":{"line":123,"column":38},"end":{"line":125,"column":1}},"line":123},"11":{"name":"(anonymous_11)","decl":{"start":{"line":132,"column":32},"end":{"line":132,"column":37}},"loc":{"start":{"line":132,"column":48},"end":{"line":135,"column":1}},"line":132},"12":{"name":"(anonymous_12)","decl":{"start":{"line":141,"column":27},"end":{"line":141,"column":28}},"loc":{"start":{"line":141,"column":53},"end":{"line":143,"column":1}},"line":141},"13":{"name":"(anonymous_13)","decl":{"start":{"line":150,"column":30},"end":{"line":150,"column":31}},"loc":{"start":{"line":150,"column":64},"end":{"line":152,"column":1}},"line":150},"14":{"name":"(anonymous_14)","decl":{"start":{"line":161,"column":28},"end":{"line":161,"column":29}},"loc":{"start":{"line":161,"column":65},"end":{"line":164,"column":1}},"line":161},"15":{"name":"(anonymous_15)","decl":{"start":{"line":171,"column":31},"end":{"line":171,"column":32}},"loc":{"start":{"line":171,"column":40},"end":{"line":174,"column":1}},"line":171},"16":{"name":"(anonymous_16)","decl":{"start":{"line":181,"column":26},"end":{"line":181,"column":27}},"loc":{"start":{"line":181,"column":43},"end":{"line":187,"column":1}},"line":181},"17":{"name":"(anonymous_17)","decl":{"start":{"line":195,"column":24},"end":{"line":195,"column":25}},"loc":{"start":{"line":195,"column":46},"end":{"line":201,"column":1}},"line":195},"18":{"name":"(anonymous_18)","decl":{"start":{"line":197,"column":9},"end":{"line":197,"column":10}},"loc":{"start":{"line":197,"column":22},"end":{"line":200,"column":3}},"line":197},"19":{"name":"(anonymous_19)","decl":{"start":{"line":199,"column":25},"end":{"line":199,"column":26}},"loc":{"start":{"line":199,"column":31},"end":{"line":199,"column":44}},"line":199},"20":{"name":"(anonymous_20)","decl":{"start":{"line":209,"column":24},"end":{"line":209,"column":25}},"loc":{"start":{"line":209,"column":47},"end":{"line":218,"column":1}},"line":209},"21":{"name":"(anonymous_21)","decl":{"start":{"line":211,"column":9},"end":{"line":211,"column":10}},"loc":{"start":{"line":211,"column":22},"end":{"line":217,"column":3}},"line":211},"22":{"name":"(anonymous_22)","decl":{"start":{"line":215,"column":17},"end":{"line":215,"column":18}},"loc":{"start":{"line":215,"column":24},"end":{"line":215,"column":42}},"line":215},"23":{"name":"(anonymous_23)","decl":{"start":{"line":225,"column":23},"end":{"line":225,"column":24}},"loc":{"start":{"line":225,"column":34},"end":{"line":231,"column":1}},"line":225},"24":{"name":"(anonymous_24)","decl":{"start":{"line":238,"column":25},"end":{"line":238,"column":26}},"loc":{"start":{"line":238,"column":34},"end":{"line":241,"column":1}},"line":238},"25":{"name":"(anonymous_25)","decl":{"start":{"line":249,"column":23},"end":{"line":249,"column":24}},"loc":{"start":{"line":249,"column":39},"end":{"line":255,"column":1}},"line":249},"26":{"name":"(anonymous_26)","decl":{"start":{"line":250,"column":22},"end":{"line":250,"column":23}},"loc":{"start":{"line":250,"column":40},"end":{"line":254,"column":3}},"line":250},"27":{"name":"(anonymous_27)","decl":{"start":{"line":262,"column":28},"end":{"line":262,"column":29}},"loc":{"start":{"line":262,"column":37},"end":{"line":270,"column":1}},"line":262},"28":{"name":"(anonymous_28)","decl":{"start":{"line":277,"column":39},"end":{"line":277,"column":40}},"loc":{"start":{"line":279,"column":5},"end":{"line":283,"column":1}},"line":279},"29":{"name":"(anonymous_29)","decl":{"start":{"line":280,"column":9},"end":{"line":280,"column":10}},"loc":{"start":{"line":280,"column":16},"end":{"line":282,"column":3}},"line":280},"30":{"name":"(anonymous_30)","decl":{"start":{"line":296,"column":18},"end":{"line":296,"column":19}},"loc":{"start":{"line":296,"column":34},"end":{"line":311,"column":1}},"line":296},"31":{"name":"(anonymous_31)","decl":{"start":{"line":299,"column":9},"end":{"line":299,"column":10}},"loc":{"start":{"line":299,"column":16},"end":{"line":308,"column":5}},"line":299},"32":{"name":"(anonymous_32)","decl":{"start":{"line":303,"column":18},"end":{"line":303,"column":19}},"loc":{"start":{"line":303,"column":33},"end":{"line":303,"column":38}},"line":303},"33":{"name":"(anonymous_33)","decl":{"start":{"line":304,"column":15},"end":{"line":304,"column":16}},"loc":{"start":{"line":304,"column":26},"end":{"line":304,"column":29}},"line":304}},"branchMap":{"0":{"loc":{"start":{"line":12,"column":2},"end":{"line":12,"column":44}},"type":"if","locations":[{"start":{"line":12,"column":2},"end":{"line":12,"column":44}},{"start":{},"end":{}}],"line":12},"1":{"loc":{"start":{"line":12,"column":6},"end":{"line":12,"column":30}},"type":"binary-expr","locations":[{"start":{"line":12,"column":6},"end":{"line":12,"column":10}},{"start":{"line":12,"column":14},"end":{"line":12,"column":30}}],"line":12},"2":{"loc":{"start":{"line":51,"column":2},"end":{"line":51,"column":44}},"type":"if","locations":[{"start":{"line":51,"column":2},"end":{"line":51,"column":44}},{"start":{},"end":{}}],"line":51},"3":{"loc":{"start":{"line":52,"column":2},"end":{"line":55,"column":3}},"type":"if","locations":[{"start":{"line":52,"column":2},"end":{"line":55,"column":3}},{"start":{},"end":{}}],"line":52},"4":{"loc":{"start":{"line":54,"column":31},"end":{"line":54,"column":53}},"type":"cond-expr","locations":[{"start":{"line":54,"column":45},"end":{"line":54,"column":48}},{"start":{"line":54,"column":51},"end":{"line":54,"column":53}}],"line":54},"5":{"loc":{"start":{"line":56,"column":2},"end":{"line":59,"column":3}},"type":"if","locations":[{"start":{"line":56,"column":2},"end":{"line":59,"column":3}},{"start":{},"end":{}}],"line":56},"6":{"loc":{"start":{"line":58,"column":27},"end":{"line":58,"column":47}},"type":"cond-expr","locations":[{"start":{"line":58,"column":39},"end":{"line":58,"column":42}},{"start":{"line":58,"column":45},"end":{"line":58,"column":47}}],"line":58},"7":{"loc":{"start":{"line":60,"column":2},"end":{"line":63,"column":3}},"type":"if","locations":[{"start":{"line":60,"column":2},"end":{"line":63,"column":3}},{"start":{},"end":{}}],"line":60},"8":{"loc":{"start":{"line":62,"column":25},"end":{"line":62,"column":44}},"type":"cond-expr","locations":[{"start":{"line":62,"column":36},"end":{"line":62,"column":39}},{"start":{"line":62,"column":42},"end":{"line":62,"column":44}}],"line":62},"9":{"loc":{"start":{"line":64,"column":2},"end":{"line":67,"column":3}},"type":"if","locations":[{"start":{"line":64,"column":2},"end":{"line":67,"column":3}},{"start":{},"end":{}}],"line":64},"10":{"loc":{"start":{"line":66,"column":27},"end":{"line":66,"column":47}},"type":"cond-expr","locations":[{"start":{"line":66,"column":39},"end":{"line":66,"column":42}},{"start":{"line":66,"column":45},"end":{"line":66,"column":47}}],"line":66},"11":{"loc":{"start":{"line":77,"column":27},"end":{"line":77,"column":44}},"type":"default-arg","locations":[{"start":{"line":77,"column":34},"end":{"line":77,"column":44}}],"line":77},"12":{"loc":{"start":{"line":106,"column":4},"end":{"line":109,"column":5}},"type":"if","locations":[{"start":{"line":106,"column":4},"end":{"line":109,"column":5}},{"start":{},"end":{}}],"line":106},"13":{"loc":{"start":{"line":124,"column":9},"end":{"line":124,"column":47}},"type":"binary-expr","locations":[{"start":{"line":124,"column":9},"end":{"line":124,"column":13}},{"start":{"line":124,"column":17},"end":{"line":124,"column":47}}],"line":124},"14":{"loc":{"start":{"line":133,"column":2},"end":{"line":133,"column":39}},"type":"if","locations":[{"start":{"line":133,"column":2},"end":{"line":133,"column":39}},{"start":{},"end":{}}],"line":133},"15":{"loc":{"start":{"line":141,"column":28},"end":{"line":141,"column":48}},"type":"default-arg","locations":[{"start":{"line":141,"column":39},"end":{"line":141,"column":48}}],"line":141},"16":{"loc":{"start":{"line":150,"column":40},"end":{"line":150,"column":59}},"type":"default-arg","locations":[{"start":{"line":150,"column":51},"end":{"line":150,"column":59}}],"line":150},"17":{"loc":{"start":{"line":161,"column":46},"end":{"line":161,"column":60}},"type":"default-arg","locations":[{"start":{"line":161,"column":55},"end":{"line":161,"column":60}}],"line":161},"18":{"loc":{"start":{"line":162,"column":2},"end":{"line":162,"column":53}},"type":"if","locations":[{"start":{"line":162,"column":2},"end":{"line":162,"column":53}},{"start":{},"end":{}}],"line":162},"19":{"loc":{"start":{"line":162,"column":6},"end":{"line":162,"column":39}},"type":"binary-expr","locations":[{"start":{"line":162,"column":6},"end":{"line":162,"column":11}},{"start":{"line":162,"column":15},"end":{"line":162,"column":39}}],"line":162},"20":{"loc":{"start":{"line":172,"column":2},"end":{"line":172,"column":22}},"type":"if","locations":[{"start":{"line":172,"column":2},"end":{"line":172,"column":22}},{"start":{},"end":{}}],"line":172},"21":{"loc":{"start":{"line":181,"column":27},"end":{"line":181,"column":38}},"type":"default-arg","locations":[{"start":{"line":181,"column":36},"end":{"line":181,"column":38}}],"line":181},"22":{"loc":{"start":{"line":184,"column":9},"end":{"line":186,"column":34}},"type":"cond-expr","locations":[{"start":{"line":185,"column":6},"end":{"line":185,"column":44}},{"start":{"line":186,"column":6},"end":{"line":186,"column":34}}],"line":184},"23":{"loc":{"start":{"line":195,"column":31},"end":{"line":195,"column":41}},"type":"default-arg","locations":[{"start":{"line":195,"column":38},"end":{"line":195,"column":41}}],"line":195},"24":{"loc":{"start":{"line":209,"column":31},"end":{"line":209,"column":42}},"type":"default-arg","locations":[{"start":{"line":209,"column":39},"end":{"line":209,"column":42}}],"line":209},"25":{"loc":{"start":{"line":212,"column":4},"end":{"line":216,"column":5}},"type":"if","locations":[{"start":{"line":212,"column":4},"end":{"line":216,"column":5}},{"start":{},"end":{}}],"line":212},"26":{"loc":{"start":{"line":226,"column":2},"end":{"line":226,"column":57}},"type":"if","locations":[{"start":{"line":226,"column":2},"end":{"line":226,"column":57}},{"start":{},"end":{}}],"line":226},"27":{"loc":{"start":{"line":226,"column":6},"end":{"line":226,"column":43}},"type":"binary-expr","locations":[{"start":{"line":226,"column":6},"end":{"line":226,"column":20}},{"start":{"line":226,"column":24},"end":{"line":226,"column":43}}],"line":226},"28":{"loc":{"start":{"line":227,"column":2},"end":{"line":227,"column":60}},"type":"if","locations":[{"start":{"line":227,"column":2},"end":{"line":227,"column":60}},{"start":{},"end":{}}],"line":227},"29":{"loc":{"start":{"line":228,"column":2},"end":{"line":228,"column":54}},"type":"if","locations":[{"start":{"line":228,"column":2},"end":{"line":228,"column":54}},{"start":{},"end":{}}],"line":228},"30":{"loc":{"start":{"line":229,"column":2},"end":{"line":229,"column":72}},"type":"if","locations":[{"start":{"line":229,"column":2},"end":{"line":229,"column":72}},{"start":{},"end":{}}],"line":229},"31":{"loc":{"start":{"line":239,"column":2},"end":{"line":239,"column":58}},"type":"if","locations":[{"start":{"line":239,"column":2},"end":{"line":239,"column":58}},{"start":{},"end":{}}],"line":239},"32":{"loc":{"start":{"line":239,"column":6},"end":{"line":239,"column":45}},"type":"binary-expr","locations":[{"start":{"line":239,"column":6},"end":{"line":239,"column":18}},{"start":{"line":239,"column":22},"end":{"line":239,"column":45}}],"line":239},"33":{"loc":{"start":{"line":251,"column":21},"end":{"line":251,"column":70}},"type":"cond-expr","locations":[{"start":{"line":251,"column":49},"end":{"line":251,"column":58}},{"start":{"line":251,"column":61},"end":{"line":251,"column":70}}],"line":251},"34":{"loc":{"start":{"line":252,"column":24},"end":{"line":252,"column":46}},"type":"binary-expr","locations":[{"start":{"line":252,"column":24},"end":{"line":252,"column":40}},{"start":{"line":252,"column":44},"end":{"line":252,"column":46}}],"line":252},"35":{"loc":{"start":{"line":263,"column":2},"end":{"line":265,"column":3}},"type":"if","locations":[{"start":{"line":263,"column":2},"end":{"line":265,"column":3}},{"start":{},"end":{}}],"line":263},"36":{"loc":{"start":{"line":266,"column":2},"end":{"line":268,"column":3}},"type":"if","locations":[{"start":{"line":266,"column":2},"end":{"line":268,"column":3}},{"start":{},"end":{}}],"line":266},"37":{"loc":{"start":{"line":278,"column":2},"end":{"line":278,"column":107}},"type":"default-arg","locations":[{"start":{"line":278,"column":16},"end":{"line":278,"column":107}}],"line":278},"38":{"loc":{"start":{"line":300,"column":6},"end":{"line":300,"column":42}},"type":"if","locations":[{"start":{"line":300,"column":6},"end":{"line":300,"column":42}},{"start":{},"end":{}}],"line":300},"39":{"loc":{"start":{"line":301,"column":6},"end":{"line":306,"column":7}},"type":"if","locations":[{"start":{"line":301,"column":6},"end":{"line":306,"column":7}},{"start":{},"end":{}}],"line":301}},"s":{"0":1,"1":5,"2":3,"3":2,"4":1,"5":8,"6":8,"7":8,"8":24,"9":24,"10":8,"11":1,"12":4,"13":4,"14":1,"15":7,"16":7,"17":7,"18":7,"19":1,"20":6,"21":2,"22":2,"23":4,"24":2,"25":2,"26":2,"27":1,"28":1,"29":1,"30":1,"31":1,"32":0,"33":1,"34":2,"35":1,"36":3,"37":3,"38":2,"39":1,"40":1,"41":1,"42":0,"43":0,"44":0,"45":0,"46":0,"47":0,"48":0,"49":0,"50":0,"51":0,"52":1,"53":5,"54":1,"55":0,"56":0,"57":0,"58":1,"59":0,"60":1,"61":0,"62":1,"63":5,"64":3,"65":2,"66":1,"67":6,"68":3,"69":3,"70":1,"71":4,"72":4,"73":4,"74":1,"75":4,"76":6,"77":6,"78":4,"79":1,"80":3,"81":6,"82":4,"83":4,"84":4,"85":1,"86":1,"87":11,"88":2,"89":9,"90":3,"91":6,"92":2,"93":4,"94":4,"95":2,"96":1,"97":6,"98":3,"99":3,"100":1,"101":3,"102":9,"103":9,"104":9,"105":1,"106":13,"107":4,"108":9,"109":6,"110":3,"111":1,"112":2,"113":2,"114":1,"115":1,"116":6,"117":10,"118":9,"119":1,"120":1,"121":2,"122":1,"123":0},"f":{"0":5,"1":8,"2":4,"3":7,"4":2,"5":3,"6":0,"7":0,"8":0,"9":0,"10":5,"11":0,"12":0,"13":0,"14":5,"15":6,"16":4,"17":4,"18":6,"19":4,"20":3,"21":6,"22":1,"23":11,"24":6,"25":3,"26":9,"27":13,"28":2,"29":2,"30":6,"31":10,"32":2,"33":1},"b":{"0":[3,2],"1":[5,3],"2":[1,6],"3":[2,4],"4":[1,1],"5":[2,2],"6":[1,1],"7":[1,1],"8":[1,0],"9":[1,0],"10":[1,0],"11":[2],"12":[0,0],"13":[5,3],"14":[0,0],"15":[0],"16":[0],"17":[5],"18":[3,2],"19":[5,3],"20":[3,3],"21":[4],"22":[1,3],"23":[4],"24":[3],"25":[4,2],"26":[2,9],"27":[11,10],"28":[3,6],"29":[2,4],"30":[2,2],"31":[3,3],"32":[6,5],"33":[6,3],"34":[9,4],"35":[4,9],"36":[6,3],"37":[2],"38":[9,1],"39":[1,0]},"meta":{"lastBranch":40,"lastFunction":34,"lastStatement":124,"seen":{"s:11:26:14:1":0,"f:11:26:11:27":0,"b:12:2:12:44:undefined:undefined:undefined:undefined":0,"s:12:2:12:44":1,"b:12:6:12:10:12:14:12:30":1,"s:12:32:12:44":2,"s:13:2:13:53":3,"s:21:28:28:1":4,"f:21:28:21:29":1,"s:22:19:22:29":5,"s:23:2:26:3":6,"s:23:15:23:34":7,"s:24:14:24:49":8,"s:25:4:25:60":9,"s:27:2:27:18":10,"s:36:30:39:1":11,"f:36:30:36:31":2,"s:37:19:37:38":12,"s:38:2:38:61":13,"s:46:34:70:1":14,"f:46:34:46:35":3,"s:47:14:47:24":15,"s:48:15:48:34":16,"s:49:24:49:55":17,"b:51:2:51:44:undefined:undefined:undefined:undefined":2,"s:51:2:51:44":18,"s:51:26:51:44":19,"b:52:2:55:3:undefined:undefined:undefined:undefined":3,"s:52:2:55:3":20,"s:53:20:53:50":21,"s:54:4:54:60":22,"b:54:45:54:48:54:51:54:53":4,"b:56:2:59:3:undefined:undefined:undefined:undefined":5,"s:56:2:59:3":23,"s:57:18:57:50":24,"s:58:4:58:54":25,"b:58:39:58:42:58:45:58:47":6,"b:60:2:63:3:undefined:undefined:undefined:undefined":7,"s:60:2:63:3":26,"s:61:17:61:50":27,"s:62:4:62:51":28,"b:62:36:62:39:62:42:62:44":8,"b:64:2:67:3:undefined:undefined:undefined:undefined":9,"s:64:2:67:3":29,"s:65:18:65:52":30,"s:66:4:66:54":31,"b:66:39:66:42:66:45:66:47":10,"s:69:2:69:35":32,"s:77:26:82:1":33,"f:77:26:77:27":4,"b:77:34:77:44":11,"s:78:2:81:5":34,"s:89:31:97:1":35,"f:89:31:89:36":5,"s:90:2:96:3":36,"s:91:4:91:46":37,"s:92:4:92:16":38,"s:94:4:94:55":39,"s:95:4:95:17":40,"s:104:33:116:1":41,"f:104:33:104:34":6,"s:105:2:115:5":42,"f:105:21:105:22":7,"b:106:4:109:5:undefined:undefined:undefined:undefined":12,"s:106:4:109:5":43,"s:107:6:107:20":44,"s:108:6:108:13":45,"s:111:19:111:35":46,"s:112:4:112:53":47,"f:112:20:112:21":8,"s:112:27:112:52":48,"s:113:4:113:41":49,"f:113:21:113:22":9,"s:113:27:113:40":50,"s:114:4:114:31":51,"s:123:28:125:1":52,"f:123:28:123:29":10,"s:124:2:124:48":53,"b:124:9:124:13:124:17:124:47":13,"s:132:32:135:1":54,"f:132:32:132:37":11,"b:133:2:133:39:undefined:undefined:undefined:undefined":14,"s:133:2:133:39":55,"s:133:27:133:39":56,"s:134:2:134:33":57,"s:141:27:143:1":58,"f:141:27:141:28":12,"b:141:39:141:48":15,"s:142:2:142:40":59,"s:150:30:152:1":60,"f:150:30:150:31":13,"b:150:51:150:59":16,"s:151:2:151:40":61,"s:161:28:164:1":62,"f:161:28:161:29":14,"b:161:55:161:60":17,"b:162:2:162:53:undefined:undefined:undefined:undefined":18,"s:162:2:162:53":63,"b:162:6:162:11:162:15:162:39":19,"s:162:41:162:53":64,"s:163:2:163:59":65,"s:171:31:174:1":66,"f:171:31:171:32":15,"b:172:2:172:22:undefined:undefined:undefined:undefined":20,"s:172:2:172:22":67,"s:172:12:172:22":68,"s:173:2:173:52":69,"s:181:26:187:1":70,"f:181:26:181:27":16,"b:181:36:181:38":21,"s:182:20:182:43":71,"s:183:21:183:63":72,"s:184:2:186:35":73,"b:185:6:185:44:186:6:186:34":22,"s:195:24:201:1":74,"f:195:24:195:25":17,"b:195:38:195:41":23,"s:197:2:200:4":75,"f:197:9:197:10":18,"s:198:4:198:26":76,"s:199:4:199:52":77,"f:199:25:199:26":19,"s:199:31:199:44":78,"s:209:24:218:1":79,"f:209:24:209:25":20,"b:209:39:209:42":24,"s:211:2:217:4":80,"f:211:9:211:10":21,"b:212:4:216:5:undefined:undefined:undefined:undefined":25,"s:212:4:216:5":81,"s:213:6:213:20":82,"s:214:6:214:24":83,"s:215:6:215:52":84,"f:215:17:215:18":22,"s:215:24:215:42":85,"s:225:23:231:1":86,"f:225:23:225:24":23,"b:226:2:226:57:undefined:undefined:undefined:undefined":26,"s:226:2:226:57":87,"b:226:6:226:20:226:24:226:43":27,"s:226:45:226:57":88,"b:227:2:227:60:undefined:undefined:undefined:undefined":28,"s:227:2:227:60":89,"s:227:33:227:60":90,"b:228:2:228:54:undefined:undefined:undefined:undefined":29,"s:228:2:228:54":91,"s:228:28:228:54":92,"b:229:2:229:72:undefined:undefined:undefined:undefined":30,"s:229:2:229:72":93,"s:229:33:229:72":94,"s:230:2:230:15":95,"s:238:25:241:1":96,"f:238:25:238:26":24,"b:239:2:239:58:undefined:undefined:undefined:undefined":31,"s:239:2:239:58":97,"b:239:6:239:18:239:22:239:45":32,"s:239:47:239:58":98,"s:240:2:240:41":99,"s:249:23:255:1":100,"f:249:23:249:24":25,"s:250:2:254:9":101,"f:250:22:250:23":26,"s:251:21:251:70":102,"b:251:49:251:58:251:61:251:70":33,"s:252:4:252:59":103,"b:252:24:252:40:252:44:252:46":34,"s:253:4:253:18":104,"s:262:28:270:1":105,"f:262:28:262:29":27,"b:263:2:265:3:undefined:undefined:undefined:undefined":35,"s:263:2:265:3":106,"s:264:4:264:64":107,"b:266:2:268:3:undefined:undefined:undefined:undefined":36,"s:266:2:268:3":108,"s:267:4:267:61":109,"s:269:2:269:24":110,"s:277:39:283:1":111,"f:277:39:277:40":28,"b:278:16:278:107":37,"s:280:2:282:4":112,"f:280:9:280:10":29,"s:281:4:281:31":113,"s:289:2:289:93":114,"s:296:18:311:1":115,"f:296:18:296:19":30,"s:297:2:310:12":116,"f:299:9:299:10":31,"b:300:6:300:42:undefined:undefined:undefined:undefined":38,"s:300:6:300:42":117,"s:300:33:300:42":118,"b:301:6:306:7:undefined:undefined:undefined:undefined":39,"s:301:6:306:7":119,"s:302:8:305:21":120,"f:303:18:303:19":32,"s:303:33:303:38":121,"f:304:15:304:16":33,"s:304:26:304:29":122,"s:307:6:307:16":123}}}
}
